{"contracts\\Token.sol":{"l":{"33":1,"34":1,"47":5,"50":4,"51":4,"54":4,"64":11},"path":"D:\\Code\\web3\\hardhat-project\\contracts\\Token.sol","s":{"1":5,"2":4,"3":11},"b":{"1":[4,1]},"f":{"1":1,"2":5,"3":11},"fnMap":{"1":{"name":"constructor","line":30,"loc":{"start":{"line":30,"column":4},"end":{"line":35,"column":4}}},"2":{"name":"transfer","line":43,"loc":{"start":{"line":43,"column":4},"end":{"line":55,"column":4}}},"3":{"name":"balanceOf","line":63,"loc":{"start":{"line":63,"column":4},"end":{"line":65,"column":4}}}},"statementMap":{"1":{"start":{"line":47,"column":8},"end":{"line":47,"column":67}},"2":{"start":{"line":54,"column":8},"end":{"line":54,"column":45}},"3":{"start":{"line":64,"column":8},"end":{"line":64,"column":32}}},"branchMap":{"1":{"line":47,"type":"if","locations":[{"start":{"line":47,"column":8},"end":{"line":47,"column":8}},{"start":{"line":47,"column":8},"end":{"line":47,"column":8}}]}}}}